<?xml version="1.0" encoding="UTF-8"?>
<!-- Generated by org.testng.reporters.JUnitReportReporter -->
<testsuite hostname="LGDN14476-W7D01" failures="0" tests="1" name="LoginTCs.TC08_loginWithAccountHasNotBeenActivated" time="8.782" errors="0" timestamp="13 Dec 2018 06:14:44 GMT" skipped="0">
  <testcase classname="LoginTCs.TC08_loginWithAccountHasNotBeenActivated" name="TC08" time="8.782"/>
</testsuite> <!-- LoginTCs.TC08_loginWithAccountHasNotBeenActivated -->
