<?xml version="1.0" encoding="UTF-8"?>
<!-- Generated by org.testng.reporters.JUnitReportReporter -->
<testsuite hostname="LGDN14476-W7D01" failures="0" tests="1" name="BookTicketTCs.TC16_cancelATicket" time="21.040" errors="0" timestamp="19 Dec 2018 15:34:05 GMT" skipped="0">
  <testcase classname="BookTicketTCs.TC16_cancelATicket" name="TC16" time="21.040"/>
</testsuite> <!-- BookTicketTCs.TC16_cancelATicket -->
