<?xml version="1.0" encoding="UTF-8"?>
<!-- Generated by org.testng.reporters.JUnitReportReporter -->
<testsuite hostname="LGDN14476-W7D01" failures="0" tests="1" name="FinalTest.FTTC01_filterTicketWithDepartStation" time="20.735" errors="0" timestamp="27 Dec 2018 09:13:03 GMT" skipped="0">
  <testcase classname="FinalTest.FTTC01_filterTicketWithDepartStation" name="FTTC01" time="20.735"/>
</testsuite> <!-- FinalTest.FTTC01_filterTicketWithDepartStation -->
