<?xml version="1.0" encoding="UTF-8"?>
<!-- Generated by org.testng.reporters.JUnitReportReporter -->
<testsuite hostname="LGDN14476-W7D01" failures="0" tests="1" name="OtherTCs.TC04_checkContactEmail" time="3.668" errors="0" timestamp="10 Dec 2018 06:23:54 GMT" skipped="0">
  <testcase classname="OtherTCs.TC04_checkContactEmail" name="TC04" time="3.668"/>
</testsuite> <!-- OtherTCs.TC04_checkContactEmail -->
