<?xml version="1.0" encoding="UTF-8"?>
<!-- Generated by org.testng.reporters.JUnitReportReporter -->
<testsuite hostname="LGDN14476-W7D01" failures="0" tests="1" name="RegisterTCs.TC10_createAccountWithInvalidInfo" time="3.509" errors="0" timestamp="13 Dec 2018 12:39:12 GMT" skipped="0">
  <testcase classname="RegisterTCs.TC10_createAccountWithInvalidInfo" name="TC10" time="3.509"/>
</testsuite> <!-- RegisterTCs.TC10_createAccountWithInvalidInfo -->
