<?xml version="1.0" encoding="UTF-8"?>
<!-- Generated by org.testng.reporters.JUnitReportReporter -->
<testsuite hostname="LGDN14476-W7D01" failures="0" tests="1" name="FinalTest.FTTC02_filterTicketWithInvalidFormat" time="18.913" errors="0" timestamp="27 Dec 2018 09:19:45 GMT" skipped="0">
  <testcase classname="FinalTest.FTTC02_filterTicketWithInvalidFormat" name="FTTC02" time="18.913"/>
</testsuite> <!-- FinalTest.FTTC02_filterTicketWithInvalidFormat -->
