<?xml version="1.0" encoding="UTF-8"?>
<!-- Generated by org.testng.reporters.JUnitReportReporter -->
<testsuite hostname="LGDN14476-W7D01" failures="0" tests="1" name="LoginTCs.TC02_loginWithBlankUsername" time="3.113" errors="0" timestamp="11 Dec 2018 04:54:27 GMT" skipped="0">
  <testcase classname="LoginTCs.TC02_loginWithBlankUsername" name="TC02" time="3.113"/>
</testsuite> <!-- LoginTCs.TC02_loginWithBlankUsername -->
