<?xml version="1.0" encoding="UTF-8"?>
<!-- Generated by org.testng.reporters.JUnitReportReporter -->
<testsuite hostname="LGDN14476-W7D01" failures="0" tests="1" name="RegisterTCs.TC13_createAccountWithPasswordAndConfirmPasswordDoNotMatch" time="23.591" errors="0" timestamp="18 Dec 2018 01:29:16 GMT" skipped="0">
  <testcase classname="RegisterTCs.TC13_createAccountWithPasswordAndConfirmPasswordDoNotMatch" name="TC13" time="23.591"/>
</testsuite> <!-- RegisterTCs.TC13_createAccountWithPasswordAndConfirmPasswordDoNotMatch -->
