<?xml version="1.0" encoding="UTF-8"?>
<!-- Generated by org.testng.reporters.JUnitReportReporter -->
<testsuite hostname="LGDN14476-W7D01" failures="0" tests="1" name="LoginTCs.TC06_checkAdditionalPagesDisplayAfterLogin" time="5.627" errors="0" timestamp="19 Dec 2018 13:38:03 GMT" skipped="0">
  <testcase classname="LoginTCs.TC06_checkAdditionalPagesDisplayAfterLogin" name="TC06" time="5.627"/>
</testsuite> <!-- LoginTCs.TC06_checkAdditionalPagesDisplayAfterLogin -->
