<?xml version="1.0" encoding="UTF-8"?>
<!-- Generated by org.testng.reporters.JUnitReportReporter -->
<testsuite hostname="LGDN14476-W7D01" failures="0" tests="1" name="BookTicketTCs.TC14_bookATicket" time="8.125" errors="0" timestamp="19 Feb 2019 10:59:56 GMT" skipped="0">
  <testcase classname="BookTicketTCs.TC14_bookATicket" name="TC14" time="8.125"/>
</testsuite> <!-- BookTicketTCs.TC14_bookATicket -->
