<?xml version="1.0" encoding="UTF-8"?>
<!-- Generated by org.testng.reporters.JUnitReportReporter -->
<testsuite hostname="LGDN14476-W7D01" failures="0" tests="1" name="LoginTCs.TC03_loginWithInvalidPassword" time="3.104" errors="0" timestamp="10 Dec 2018 05:58:53 GMT" skipped="0">
  <testcase classname="LoginTCs.TC03_loginWithInvalidPassword" name="TC03" time="3.104"/>
</testsuite> <!-- LoginTCs.TC03_loginWithInvalidPassword -->
