<?xml version="1.0" encoding="UTF-8"?>
<!-- Generated by org.testng.reporters.JUnitReportReporter -->
<testsuite hostname="LGDN14476-W7D01" failures="0" tests="1" name="BookTicketTCs.TC15_checkTicketPrices" time="19.685" errors="0" timestamp="19 Dec 2018 14:54:35 GMT" skipped="0">
  <testcase classname="BookTicketTCs.TC15_checkTicketPrices" name="TC15" time="19.685"/>
</testsuite> <!-- BookTicketTCs.TC15_checkTicketPrices -->
