<?xml version="1.0" encoding="UTF-8"?>
<!-- Generated by org.testng.reporters.JUnitReportReporter -->
<testsuite hostname="LGDN14476-W7D01" failures="0" tests="1" name="OtherTCs.TC09_changePassword" time="24.256" errors="0" timestamp="17 Dec 2018 10:43:04 GMT" skipped="0">
  <testcase classname="OtherTCs.TC09_changePassword" name="TC09" time="24.256"/>
</testsuite> <!-- OtherTCs.TC09_changePassword -->
